# JRE version: OpenJDK Runtime Environment (8.0_202-b03) (build 1.8.0_202-release-1483-b03)
# Java VM: OpenJDK 64-Bit Server VM (25.202-b03 mixed mode windows-amd64 compressed oops)
Heap:
 PSYoungGen      total 30720K, used 3967K [0x00000000d6180000, 0x00000000d8700000, 0x0000000100000000)
  eden space 30208K, 11% used [0x00000000d6180000,0x00000000d6507d20,0x00000000d7f00000)
  from space 512K, 68% used [0x00000000d7f80000,0x00000000d7fd8000,0x00000000d8000000)
  to   space 4096K, 0% used [0x00000000d8300000,0x00000000d8300000,0x00000000d8700000)
 ParOldGen       total 86016K, used 1552K [0x0000000082400000, 0x0000000087800000, 0x00000000d6180000)
  object space 86016K, 1% used [0x0000000082400000,0x0000000082584300,0x0000000087800000)
 Metaspace       used 8259K, capacity 8359K, committed 8448K, reserved 1056768K
  class space    used 717K, capacity 754K, committed 768K, reserved 1048576K
GC Heap History (10 events):
Event: 5.432 GC heap before
{Heap before GC invocations=5 (full 0):
 PSYoungGen      total 37888K, used 34446K [0x00000000d6180000, 0x00000000d8b80000, 0x0000000100000000)
  eden space 32768K, 100% used [0x00000000d6180000,0x00000000d8180000,0x00000000d8180000)
  from space 5120K, 32% used [0x00000000d8680000,0x00000000d8823890,0x00000000d8b80000)
  to   space 5120K, 0% used [0x00000000d8180000,0x00000000d8180000,0x00000000d8680000)
 ParOldGen       total 86016K, used 32K [0x0000000082400000, 0x0000000087800000, 0x00000000d6180000)
  object space 86016K, 0% used [0x0000000082400000,0x0000000082408000,0x0000000087800000)
 Metaspace       used 7956K, capacity 8007K, committed 8192K, reserved 1056768K
  class space    used 700K, capacity 722K, committed 768K, reserved 1048576K
Event: 5.435 GC heap after
Heap after GC invocations=5 (full 0):
 PSYoungGen      total 34304K, used 1678K [0x00000000d6180000, 0x00000000d8900000, 0x0000000100000000)
  eden space 32256K, 0% used [0x00000000d6180000,0x00000000d6180000,0x00000000d8100000)
  from space 2048K, 81% used [0x00000000d8180000,0x00000000d8323890,0x00000000d8380000)
  to   space 4096K, 0% used [0x00000000d8500000,0x00000000d8500000,0x00000000d8900000)
 ParOldGen       total 86016K, used 40K [0x0000000082400000, 0x0000000087800000, 0x00000000d6180000)
  object space 86016K, 0% used [0x0000000082400000,0x000000008240a000,0x0000000087800000)
 Metaspace       used 7956K, capacity 8007K, committed 8192K, reserved 1056768K
  class space    used 700K, capacity 722K, committed 768K, reserved 1048576K
}
Event: 6.277 GC heap before
{Heap before GC invocations=6 (full 0):
 PSYoungGen      total 34304K, used 33934K [0x00000000d6180000, 0x00000000d8900000, 0x0000000100000000)
  eden space 32256K, 100% used [0x00000000d6180000,0x00000000d8100000,0x00000000d8100000)
  from space 2048K, 81% used [0x00000000d8180000,0x00000000d8323890,0x00000000d8380000)
  to   space 4096K, 0% used [0x00000000d8500000,0x00000000d8500000,0x00000000d8900000)
 ParOldGen       total 86016K, used 40K [0x0000000082400000, 0x0000000087800000, 0x00000000d6180000)
  object space 86016K, 0% used [0x0000000082400000,0x000000008240a000,0x0000000087800000)
 Metaspace       used 7967K, capacity 8071K, committed 8192K, reserved 1056768K
  class space    used 700K, capacity 722K, committed 768K, reserved 1048576K
Event: 6.280 GC heap after
Heap after GC invocations=6 (full 0):
 PSYoungGen      total 34304K, used 1694K [0x00000000d6180000, 0x00000000d8780000, 0x0000000100000000)
  eden space 31744K, 0% used [0x00000000d6180000,0x00000000d6180000,0x00000000d8080000)
  from space 2560K, 66% used [0x00000000d8500000,0x00000000d86a78a0,0x00000000d8780000)
  to   space 3584K, 0% used [0x00000000d8080000,0x00000000d8080000,0x00000000d8400000)
 ParOldGen       total 86016K, used 48K [0x0000000082400000, 0x0000000087800000, 0x00000000d6180000)
  object space 86016K, 0% used [0x0000000082400000,0x000000008240c000,0x0000000087800000)
 Metaspace       used 7967K, capacity 8071K, committed 8192K, reserved 1056768K
  class space    used 700K, capacity 722K, committed 768K, reserved 1048576K
}
Event: 7.098 GC heap before
{Heap before GC invocations=7 (full 0):
 PSYoungGen      total 34304K, used 33438K [0x00000000d6180000, 0x00000000d8780000, 0x0000000100000000)
  eden space 31744K, 100% used [0x00000000d6180000,0x00000000d8080000,0x00000000d8080000)
  from space 2560K, 66% used [0x00000000d8500000,0x00000000d86a78a0,0x00000000d8780000)
  to   space 3584K, 0% used [0x00000000d8080000,0x00000000d8080000,0x00000000d8400000)
 ParOldGen       total 86016K, used 48K [0x0000000082400000, 0x0000000087800000, 0x00000000d6180000)
  object space 86016K, 0% used [0x0000000082400000,0x000000008240c000,0x0000000087800000)
 Metaspace       used 8000K, capacity 8071K, committed 8192K, reserved 1056768K
  class space    used 700K, capacity 722K, committed 768K, reserved 1048576K
Event: 7.100 GC heap after
Heap after GC invocations=7 (full 0):
 PSYoungGen      total 34816K, used 448K [0x00000000d6180000, 0x00000000d8800000, 0x0000000100000000)
  eden space 31232K, 0% used [0x00000000d6180000,0x00000000d6180000,0x00000000d8000000)
  from space 3584K, 12% used [0x00000000d8080000,0x00000000d80f0000,0x00000000d8400000)
  to   space 4096K, 0% used [0x00000000d8400000,0x00000000d8400000,0x00000000d8800000)
 ParOldGen       total 86016K, used 1376K [0x0000000082400000, 0x0000000087800000, 0x00000000d6180000)
  object space 86016K, 1% used [0x0000000082400000,0x0000000082558300,0x0000000087800000)
 Metaspace       used 8000K, capacity 8071K, committed 8192K, reserved 1056768K
  class space    used 700K, capacity 722K, committed 768K, reserved 1048576K
}
Event: 7.897 GC heap before
{Heap before GC invocations=8 (full 0):
 PSYoungGen      total 34816K, used 31680K [0x00000000d6180000, 0x00000000d8800000, 0x0000000100000000)
  eden space 31232K, 100% used [0x00000000d6180000,0x00000000d8000000,0x00000000d8000000)
  from space 3584K, 12% used [0x00000000d8080000,0x00000000d80f0000,0x00000000d8400000)
  to   space 4096K, 0% used [0x00000000d8400000,0x00000000d8400000,0x00000000d8800000)
 ParOldGen       total 86016K, used 1376K [0x0000000082400000, 0x0000000087800000, 0x00000000d6180000)
  object space 86016K, 1% used [0x0000000082400000,0x0000000082558300,0x0000000087800000)
 Metaspace       used 8001K, capacity 8071K, committed 8192K, reserved 1056768K
  class space    used 700K, capacity 722K, committed 768K, reserved 1048576K
Event: 7.899 GC heap after
Heap after GC invocations=8 (full 0):
 PSYoungGen      total 34304K, used 416K [0x00000000d6180000, 0x00000000d8780000, 0x0000000100000000)
  eden space 30720K, 0% used [0x00000000d6180000,0x00000000d6180000,0x00000000d7f80000)
  from space 3584K, 11% used [0x00000000d8400000,0x00000000d8468000,0x00000000d8780000)
  to   space 4096K, 0% used [0x00000000d7f80000,0x00000000d7f80000,0x00000000d8380000)
 ParOldGen       total 86016K, used 1472K [0x0000000082400000, 0x0000000087800000, 0x00000000d6180000)
  object space 86016K, 1% used [0x0000000082400000,0x0000000082570300,0x0000000087800000)
 Metaspace       used 8001K, capacity 8071K, committed 8192K, reserved 1056768K
  class space    used 700K, capacity 722K, committed 768K, reserved 1048576K
}
Event: 8.690 GC heap before
{Heap before GC invocations=9 (full 0):
 PSYoungGen      total 34304K, used 31136K [0x00000000d6180000, 0x00000000d8780000, 0x0000000100000000)
  eden space 30720K, 100% used [0x00000000d6180000,0x00000000d7f80000,0x00000000d7f80000)
  from space 3584K, 11% used [0x00000000d8400000,0x00000000d8468000,0x00000000d8780000)
  to   space 4096K, 0% used [0x00000000d7f80000,0x00000000d7f80000,0x00000000d8380000)
 ParOldGen       total 86016K, used 1472K [0x0000000082400000, 0x0000000087800000, 0x00000000d6180000)
  object space 86016K, 1% used [0x0000000082400000,0x0000000082570300,0x0000000087800000)
 Metaspace       used 8015K, capacity 8071K, committed 8192K, reserved 1056768K
  class space    used 700K, capacity 722K, committed 768K, reserved 1048576K
Event: 8.692 GC heap after
Heap after GC invocations=9 (full 0):
 PSYoungGen      total 30720K, used 352K [0x00000000d6180000, 0x00000000d8700000, 0x0000000100000000)
  eden space 30208K, 0% used [0x00000000d6180000,0x00000000d6180000,0x00000000d7f00000)
  from space 512K, 68% used [0x00000000d7f80000,0x00000000d7fd8000,0x00000000d8000000)
  to   space 4096K, 0% used [0x00000000d8300000,0x00000000d8300000,0x00000000d8700000)
 ParOldGen       total 86016K, used 1552K [0x0000000082400000, 0x0000000087800000, 0x00000000d6180000)
  object space 86016K, 1% used [0x0000000082400000,0x0000000082584300,0x0000000087800000)
 Metaspace       used 8015K, capacity 8071K, committed 8192K, reserved 1056768K
  class space    used 700K, capacity 722K, committed 768K, reserved 1048576K
}

