# JRE version: OpenJDK Runtime Environment (8.0_202-b03) (build 1.8.0_202-release-1483-b03)
# Java VM: OpenJDK 64-Bit Server VM (25.202-b03 mixed mode windows-amd64 compressed oops)
Heap:
 PSYoungGen      total 34304K, used 11905K [0x00000000d6180000, 0x00000000d8780000, 0x0000000100000000)
  eden space 30720K, 37% used [0x00000000d6180000,0x00000000d6cd86a8,0x00000000d7f80000)
  from space 3584K, 8% used [0x00000000d8400000,0x00000000d8448000,0x00000000d8780000)
  to   space 4096K, 0% used [0x00000000d7f80000,0x00000000d7f80000,0x00000000d8380000)
 ParOldGen       total 86016K, used 1585K [0x0000000082400000, 0x0000000087800000, 0x00000000d6180000)
  object space 86016K, 1% used [0x0000000082400000,0x000000008258c450,0x0000000087800000)
 Metaspace       used 8268K, capacity 8363K, committed 8448K, reserved 1056768K
  class space    used 717K, capacity 754K, committed 768K, reserved 1048576K
GC Heap History (10 events):
Event: 6.688 GC heap before
{Heap before GC invocations=4 (full 0):
 PSYoungGen      total 37888K, used 34350K [0x00000000d6180000, 0x00000000d8b80000, 0x0000000100000000)
  eden space 32768K, 100% used [0x00000000d6180000,0x00000000d8180000,0x00000000d8180000)
  from space 5120K, 30% used [0x00000000d8180000,0x00000000d830b8b0,0x00000000d8680000)
  to   space 5120K, 0% used [0x00000000d8680000,0x00000000d8680000,0x00000000d8b80000)
 ParOldGen       total 86016K, used 24K [0x0000000082400000, 0x0000000087800000, 0x00000000d6180000)
  object space 86016K, 0% used [0x0000000082400000,0x0000000082406000,0x0000000087800000)
 Metaspace       used 7932K, capacity 8011K, committed 8192K, reserved 1056768K
  class space    used 700K, capacity 722K, committed 768K, reserved 1048576K
Event: 6.691 GC heap after
Heap after GC invocations=4 (full 0):
 PSYoungGen      total 37888K, used 1678K [0x00000000d6180000, 0x00000000d8b80000, 0x0000000100000000)
  eden space 32768K, 0% used [0x00000000d6180000,0x00000000d6180000,0x00000000d8180000)
  from space 5120K, 32% used [0x00000000d8680000,0x00000000d88238b0,0x00000000d8b80000)
  to   space 5120K, 0% used [0x00000000d8180000,0x00000000d8180000,0x00000000d8680000)
 ParOldGen       total 86016K, used 32K [0x0000000082400000, 0x0000000087800000, 0x00000000d6180000)
  object space 86016K, 0% used [0x0000000082400000,0x0000000082408000,0x0000000087800000)
 Metaspace       used 7932K, capacity 8011K, committed 8192K, reserved 1056768K
  class space    used 700K, capacity 722K, committed 768K, reserved 1048576K
}
Event: 7.542 GC heap before
{Heap before GC invocations=5 (full 0):
 PSYoungGen      total 37888K, used 34446K [0x00000000d6180000, 0x00000000d8b80000, 0x0000000100000000)
  eden space 32768K, 100% used [0x00000000d6180000,0x00000000d8180000,0x00000000d8180000)
  from space 5120K, 32% used [0x00000000d8680000,0x00000000d88238b0,0x00000000d8b80000)
  to   space 5120K, 0% used [0x00000000d8180000,0x00000000d8180000,0x00000000d8680000)
 ParOldGen       total 86016K, used 32K [0x0000000082400000, 0x0000000087800000, 0x00000000d6180000)
  object space 86016K, 0% used [0x0000000082400000,0x0000000082408000,0x0000000087800000)
 Metaspace       used 7960K, capacity 8011K, committed 8192K, reserved 1056768K
  class space    used 700K, capacity 722K, committed 768K, reserved 1048576K
Event: 7.546 GC heap after
Heap after GC invocations=5 (full 0):
 PSYoungGen      total 34304K, used 1678K [0x00000000d6180000, 0x00000000d8900000, 0x0000000100000000)
  eden space 32256K, 0% used [0x00000000d6180000,0x00000000d6180000,0x00000000d8100000)
  from space 2048K, 81% used [0x00000000d8180000,0x00000000d83238b0,0x00000000d8380000)
  to   space 4096K, 0% used [0x00000000d8500000,0x00000000d8500000,0x00000000d8900000)
 ParOldGen       total 86016K, used 40K [0x0000000082400000, 0x0000000087800000, 0x00000000d6180000)
  object space 86016K, 0% used [0x0000000082400000,0x000000008240a000,0x0000000087800000)
 Metaspace       used 7960K, capacity 8011K, committed 8192K, reserved 1056768K
  class space    used 700K, capacity 722K, committed 768K, reserved 1048576K
}
Event: 8.351 GC heap before
{Heap before GC invocations=6 (full 0):
 PSYoungGen      total 34304K, used 33934K [0x00000000d6180000, 0x00000000d8900000, 0x0000000100000000)
  eden space 32256K, 100% used [0x00000000d6180000,0x00000000d8100000,0x00000000d8100000)
  from space 2048K, 81% used [0x00000000d8180000,0x00000000d83238b0,0x00000000d8380000)
  to   space 4096K, 0% used [0x00000000d8500000,0x00000000d8500000,0x00000000d8900000)
 ParOldGen       total 86016K, used 40K [0x0000000082400000, 0x0000000087800000, 0x00000000d6180000)
  object space 86016K, 0% used [0x0000000082400000,0x000000008240a000,0x0000000087800000)
 Metaspace       used 7963K, capacity 8011K, committed 8192K, reserved 1056768K
  class space    used 700K, capacity 722K, committed 768K, reserved 1048576K
Event: 8.354 GC heap after
Heap after GC invocations=6 (full 0):
 PSYoungGen      total 34304K, used 1742K [0x00000000d6180000, 0x00000000d8780000, 0x0000000100000000)
  eden space 31744K, 0% used [0x00000000d6180000,0x00000000d6180000,0x00000000d8080000)
  from space 2560K, 68% used [0x00000000d8500000,0x00000000d86b38b0,0x00000000d8780000)
  to   space 3584K, 0% used [0x00000000d8080000,0x00000000d8080000,0x00000000d8400000)
 ParOldGen       total 86016K, used 48K [0x0000000082400000, 0x0000000087800000, 0x00000000d6180000)
  object space 86016K, 0% used [0x0000000082400000,0x000000008240c000,0x0000000087800000)
 Metaspace       used 7963K, capacity 8011K, committed 8192K, reserved 1056768K
  class space    used 700K, capacity 722K, committed 768K, reserved 1048576K
}
Event: 9.242 GC heap before
{Heap before GC invocations=7 (full 0):
 PSYoungGen      total 34304K, used 33486K [0x00000000d6180000, 0x00000000d8780000, 0x0000000100000000)
  eden space 31744K, 100% used [0x00000000d6180000,0x00000000d8080000,0x00000000d8080000)
  from space 2560K, 68% used [0x00000000d8500000,0x00000000d86b38b0,0x00000000d8780000)
  to   space 3584K, 0% used [0x00000000d8080000,0x00000000d8080000,0x00000000d8400000)
 ParOldGen       total 86016K, used 48K [0x0000000082400000, 0x0000000087800000, 0x00000000d6180000)
  object space 86016K, 0% used [0x0000000082400000,0x000000008240c000,0x0000000087800000)
 Metaspace       used 8002K, capacity 8075K, committed 8192K, reserved 1056768K
  class space    used 700K, capacity 722K, committed 768K, reserved 1048576K
Event: 9.245 GC heap after
Heap after GC invocations=7 (full 0):
 PSYoungGen      total 34816K, used 320K [0x00000000d6180000, 0x00000000d8800000, 0x0000000100000000)
  eden space 31232K, 0% used [0x00000000d6180000,0x00000000d6180000,0x00000000d8000000)
  from space 3584K, 8% used [0x00000000d8080000,0x00000000d80d0000,0x00000000d8400000)
  to   space 4096K, 0% used [0x00000000d8400000,0x00000000d8400000,0x00000000d8800000)
 ParOldGen       total 86016K, used 1497K [0x0000000082400000, 0x0000000087800000, 0x00000000d6180000)
  object space 86016K, 1% used [0x0000000082400000,0x0000000082576450,0x0000000087800000)
 Metaspace       used 8002K, capacity 8075K, committed 8192K, reserved 1056768K
  class space    used 700K, capacity 722K, committed 768K, reserved 1048576K
}
Event: 10.034 GC heap before
{Heap before GC invocations=8 (full 0):
 PSYoungGen      total 34816K, used 31552K [0x00000000d6180000, 0x00000000d8800000, 0x0000000100000000)
  eden space 31232K, 100% used [0x00000000d6180000,0x00000000d8000000,0x00000000d8000000)
  from space 3584K, 8% used [0x00000000d8080000,0x00000000d80d0000,0x00000000d8400000)
  to   space 4096K, 0% used [0x00000000d8400000,0x00000000d8400000,0x00000000d8800000)
 ParOldGen       total 86016K, used 1497K [0x0000000082400000, 0x0000000087800000, 0x00000000d6180000)
  object space 86016K, 1% used [0x0000000082400000,0x0000000082576450,0x0000000087800000)
 Metaspace       used 8002K, capacity 8075K, committed 8192K, reserved 1056768K
  class space    used 700K, capacity 722K, committed 768K, reserved 1048576K
Event: 10.035 GC heap after
Heap after GC invocations=8 (full 0):
 PSYoungGen      total 34304K, used 288K [0x00000000d6180000, 0x00000000d8780000, 0x0000000100000000)
  eden space 30720K, 0% used [0x00000000d6180000,0x00000000d6180000,0x00000000d7f80000)
  from space 3584K, 8% used [0x00000000d8400000,0x00000000d8448000,0x00000000d8780000)
  to   space 4096K, 0% used [0x00000000d7f80000,0x00000000d7f80000,0x00000000d8380000)
 ParOldGen       total 86016K, used 1585K [0x0000000082400000, 0x0000000087800000, 0x00000000d6180000)
  object space 86016K, 1% used [0x0000000082400000,0x000000008258c450,0x0000000087800000)
 Metaspace       used 8002K, capacity 8075K, committed 8192K, reserved 1056768K
  class space    used 700K, capacity 722K, committed 768K, reserved 1048576K
}

